<?xml version="1.0" encoding="UTF-8"?>
<!-- Generated by org.testng.reporters.JUnitReportReporter -->
<testsuite hostname="INPNB77889" failures="0" tests="1" name="TestCasesSpiceJet.TestCasesClass" time="42.883" errors="0" timestamp="2023-09-19T21:53:56 IST" skipped="0">
  <testcase classname="TestCasesSpiceJet.TestCasesClass" name="TestCase005" time="42.883"/>
  <system-out/>
</testsuite> <!-- TestCasesSpiceJet.TestCasesClass -->
